0 info it worked if it ends with ok
1 verbose cli [ '/usr/bin/nodejs', '/usr/bin/npm', 'install', 'zlib' ]
2 info using npm@3.5.2
3 info using node@v4.2.6
4 silly loadCurrentTree Starting
5 silly install loadCurrentTree
6 silly install readLocalPackageData
7 silly fetchPackageMetaData zlib
8 silly fetchNamedPackageData zlib
9 silly mapToRegistry name zlib
10 silly mapToRegistry using default registry
11 silly mapToRegistry registry https://registry.npmjs.org/
12 silly mapToRegistry uri https://registry.npmjs.org/zlib
13 verbose request uri https://registry.npmjs.org/zlib
14 verbose request no auth needed
15 info attempt registry request try #1 at 9:32:28 PM
16 verbose request id 3298f870e121467c
17 http request GET https://registry.npmjs.org/zlib
18 http 200 https://registry.npmjs.org/zlib
19 verbose headers { server: 'nginx/1.10.1',
19 verbose headers   'content-type': 'application/json',
19 verbose headers   'last-modified': 'Mon, 08 Aug 2011 18:15:58 GMT',
19 verbose headers   etag: 'W/"4e4027de-17d3"',
19 verbose headers   'content-encoding': 'gzip',
19 verbose headers   'cache-control': 'max-age=300',
19 verbose headers   'content-length': '1254',
19 verbose headers   'accept-ranges': 'bytes',
19 verbose headers   date: 'Mon, 14 Nov 2016 20:32:29 GMT',
19 verbose headers   via: '1.1 varnish',
19 verbose headers   age: '0',
19 verbose headers   connection: 'keep-alive',
19 verbose headers   'x-served-by': 'cache-fra1233-FRA',
19 verbose headers   'x-cache': 'MISS',
19 verbose headers   'x-cache-hits': '0',
19 verbose headers   'x-timer': 'S1479155549.155372,VS0,VE1',
19 verbose headers   vary: 'Accept-Encoding' }
20 silly get cb [ 200,
20 silly get   { server: 'nginx/1.10.1',
20 silly get     'content-type': 'application/json',
20 silly get     'last-modified': 'Mon, 08 Aug 2011 18:15:58 GMT',
20 silly get     etag: 'W/"4e4027de-17d3"',
20 silly get     'content-encoding': 'gzip',
20 silly get     'cache-control': 'max-age=300',
20 silly get     'content-length': '1254',
20 silly get     'accept-ranges': 'bytes',
20 silly get     date: 'Mon, 14 Nov 2016 20:32:29 GMT',
20 silly get     via: '1.1 varnish',
20 silly get     age: '0',
20 silly get     connection: 'keep-alive',
20 silly get     'x-served-by': 'cache-fra1233-FRA',
20 silly get     'x-cache': 'MISS',
20 silly get     'x-cache-hits': '0',
20 silly get     'x-timer': 'S1479155549.155372,VS0,VE1',
20 silly get     vary: 'Accept-Encoding' } ]
21 verbose get saving zlib to /home/wassim/.npm/registry.npmjs.org/zlib/.cache.json
22 silly install normalizeTree
23 silly loadCurrentTree Finishing
24 silly loadIdealTree Starting
25 silly install loadIdealTree
26 silly cloneCurrentTree Starting
27 silly install cloneCurrentTreeToIdealTree
28 silly cloneCurrentTree Finishing
29 silly loadShrinkwrap Starting
30 silly install loadShrinkwrap
31 silly loadShrinkwrap Finishing
32 silly loadAllDepsIntoIdealTree Starting
33 silly install loadAllDepsIntoIdealTree
34 silly resolveWithNewModule zlib@1.0.5 checking installable status
35 silly cache add args [ 'zlib', null ]
36 verbose cache add spec zlib
37 silly cache add parsed spec Result {
37 silly cache add   raw: 'zlib',
37 silly cache add   scope: null,
37 silly cache add   name: 'zlib',
37 silly cache add   rawSpec: '',
37 silly cache add   spec: 'latest',
37 silly cache add   type: 'tag' }
38 silly addNamed zlib@latest
39 verbose addNamed "latest" is being treated as a dist-tag for zlib
40 info addNameTag [ 'zlib', 'latest' ]
41 silly mapToRegistry name zlib
42 silly mapToRegistry using default registry
43 silly mapToRegistry registry https://registry.npmjs.org/
44 silly mapToRegistry uri https://registry.npmjs.org/zlib
45 verbose addNameTag registry:https://registry.npmjs.org/zlib not in flight; fetching
46 verbose get https://registry.npmjs.org/zlib not expired, no request
47 silly addNameTag next cb for zlib with tag latest
48 silly addNamed zlib@1.0.5
49 verbose addNamed "1.0.5" is a plain semver version for zlib
50 silly mapToRegistry name zlib
51 silly mapToRegistry using default registry
52 silly mapToRegistry registry https://registry.npmjs.org/
53 silly mapToRegistry uri https://registry.npmjs.org/zlib
54 verbose addRemoteTarball https://registry.npmjs.org/zlib/-/zlib-1.0.5.tgz not in flight; adding
55 verbose addRemoteTarball [ 'https://registry.npmjs.org/zlib/-/zlib-1.0.5.tgz',
55 verbose addRemoteTarball   '6e7c972fc371c645a6afb03ab14769def114fcc0' ]
56 info retry fetch attempt 1 at 9:32:29 PM
57 info attempt registry request try #1 at 9:32:29 PM
58 http fetch GET https://registry.npmjs.org/zlib/-/zlib-1.0.5.tgz
59 http fetch 200 https://registry.npmjs.org/zlib/-/zlib-1.0.5.tgz
60 silly fetchAndShaCheck shasum 6e7c972fc371c645a6afb03ab14769def114fcc0
61 verbose addTmpTarball /tmp/npm-7069-07e782dc/registry.npmjs.org/zlib/-/zlib-1.0.5.tgz not in flight; adding
62 verbose addTmpTarball already have metadata; skipping unpack for zlib@1.0.5
63 silly cache afterAdd zlib@1.0.5
64 verbose afterAdd /home/wassim/.npm/zlib/1.0.5/package/package.json not in flight; writing
65 verbose afterAdd /home/wassim/.npm/zlib/1.0.5/package/package.json written
66 silly loadAllDepsIntoIdealTree Finishing
67 silly idealTree:prePrune application-name@0.0.1
67 silly idealTree:prePrune ├── accepts@1.0.7
67 silly idealTree:prePrune ├── amdefine@1.0.0
67 silly idealTree:prePrune ├── async@0.2.10
67 silly idealTree:prePrune ├── balanced-match@0.4.2
67 silly idealTree:prePrune ├── body-parser@1.0.2
67 silly idealTree:prePrune ├── brace-expansion@1.1.6
67 silly idealTree:prePrune ├── buffer-crc32@0.2.3
67 silly idealTree:prePrune ├── bytes@1.0.0
67 silly idealTree:prePrune ├── camelcase@1.2.1
67 silly idealTree:prePrune ├── character-parser@1.2.0
67 silly idealTree:prePrune ├── commander@2.1.0
67 silly idealTree:prePrune ├─┬ compressjs@1.0.3
67 silly idealTree:prePrune │ └── commander@2.8.1
67 silly idealTree:prePrune ├── concat-map@0.0.1
67 silly idealTree:prePrune ├── constantinople@2.0.1
67 silly idealTree:prePrune ├── cookie-parser@1.0.1
67 silly idealTree:prePrune ├── cookie-signature@1.0.3
67 silly idealTree:prePrune ├── cookie@0.1.0
67 silly idealTree:prePrune ├── css-parse@1.0.4
67 silly idealTree:prePrune ├── css-stringify@1.0.5
67 silly idealTree:prePrune ├── css@1.0.8
67 silly idealTree:prePrune ├── cuint@0.2.2
67 silly idealTree:prePrune ├── debug@0.7.4
67 silly idealTree:prePrune ├── decamelize@1.2.0
67 silly idealTree:prePrune ├── depd@0.4.4
67 silly idealTree:prePrune ├── destroy@1.0.3
67 silly idealTree:prePrune ├── ee-first@1.0.3
67 silly idealTree:prePrune ├── ejs@2.5.2
67 silly idealTree:prePrune ├── escape-html@1.0.1
67 silly idealTree:prePrune ├─┬ express@4.8.0
67 silly idealTree:prePrune │ ├── cookie-signature@1.0.4
67 silly idealTree:prePrune │ ├── cookie@0.1.2
67 silly idealTree:prePrune │ ├── debug@1.0.4
67 silly idealTree:prePrune │ ├── qs@1.0.2
67 silly idealTree:prePrune │ └── type-is@1.3.2
67 silly idealTree:prePrune ├── fd-slicer@1.0.1
67 silly idealTree:prePrune ├─┬ finalhandler@0.1.0
67 silly idealTree:prePrune │ └── debug@1.0.4
67 silly idealTree:prePrune ├── finished@1.2.2
67 silly idealTree:prePrune ├── fresh@0.2.2
67 silly idealTree:prePrune ├── graceful-readlink@1.0.1
67 silly idealTree:prePrune ├── ipaddr.js@0.1.2
67 silly idealTree:prePrune ├── is-promise@1.0.1
67 silly idealTree:prePrune ├── jade@1.3.1
67 silly idealTree:prePrune ├── lz4@0.5.3
67 silly idealTree:prePrune ├── media-typer@0.2.0
67 silly idealTree:prePrune ├── merge-descriptors@0.0.2
67 silly idealTree:prePrune ├── methods@1.1.0
67 silly idealTree:prePrune ├── mime-types@1.0.2
67 silly idealTree:prePrune ├── mime@1.2.11
67 silly idealTree:prePrune ├── minimatch@3.0.3
67 silly idealTree:prePrune ├── mkdirp@0.3.5
67 silly idealTree:prePrune ├── monocle@1.1.51
67 silly idealTree:prePrune ├─┬ morgan@1.0.1
67 silly idealTree:prePrune │ └── bytes@0.3.0
67 silly idealTree:prePrune ├── ms@0.6.2
67 silly idealTree:prePrune ├── multiparty@4.1.2
67 silly idealTree:prePrune ├── nan@2.4.0
67 silly idealTree:prePrune ├── negotiator@0.4.7
67 silly idealTree:prePrune ├─┬ on-finished@2.1.0
67 silly idealTree:prePrune │ └── ee-first@1.0.5
67 silly idealTree:prePrune ├── optimist@0.3.7
67 silly idealTree:prePrune ├── parseurl@1.2.0
67 silly idealTree:prePrune ├── path-to-regexp@0.1.3
67 silly idealTree:prePrune ├── pend@1.2.0
67 silly idealTree:prePrune ├── promise@2.0.0
67 silly idealTree:prePrune ├── proxy-addr@1.0.1
67 silly idealTree:prePrune ├── qs@0.6.6
67 silly idealTree:prePrune ├── range-parser@1.0.0
67 silly idealTree:prePrune ├── raw-body@1.1.7
67 silly idealTree:prePrune ├── readdirp@0.2.5
67 silly idealTree:prePrune ├─┬ send@0.8.1
67 silly idealTree:prePrune │ └── debug@1.0.4
67 silly idealTree:prePrune ├─┬ serve-static@1.5.4
67 silly idealTree:prePrune │ ├── debug@1.0.4
67 silly idealTree:prePrune │ ├── parseurl@1.3.1
67 silly idealTree:prePrune │ └── send@0.8.5
67 silly idealTree:prePrune ├── source-map@0.1.34
67 silly idealTree:prePrune ├── static-favicon@1.0.2
67 silly idealTree:prePrune ├── string_decoder@0.10.31
67 silly idealTree:prePrune ├─┬ transformers@2.1.0
67 silly idealTree:prePrune │ └── uglify-js@2.2.5
67 silly idealTree:prePrune ├── type-is@1.1.0
67 silly idealTree:prePrune ├── uglify-js@2.4.24
67 silly idealTree:prePrune ├── uglify-to-browserify@1.0.2
67 silly idealTree:prePrune ├── utils-merge@1.0.0
67 silly idealTree:prePrune ├── vary@0.1.0
67 silly idealTree:prePrune ├── window-size@0.1.0
67 silly idealTree:prePrune ├── with@3.0.1
67 silly idealTree:prePrune ├── wordwrap@0.0.2
67 silly idealTree:prePrune ├─┬ xxhashjs@0.1.1
67 silly idealTree:prePrune │ └── cuint@0.2.2
67 silly idealTree:prePrune ├── yargs@3.5.4
67 silly idealTree:prePrune └── zlib@1.0.5
68 silly loadIdealTree Finishing
69 silly currentTree application-name@0.0.1
69 silly currentTree ├── accepts@1.0.7
69 silly currentTree ├── amdefine@1.0.0
69 silly currentTree ├── async@0.2.10
69 silly currentTree ├── balanced-match@0.4.2
69 silly currentTree ├── body-parser@1.0.2
69 silly currentTree ├── brace-expansion@1.1.6
69 silly currentTree ├── buffer-crc32@0.2.3
69 silly currentTree ├── bytes@1.0.0
69 silly currentTree ├── camelcase@1.2.1
69 silly currentTree ├── character-parser@1.2.0
69 silly currentTree ├── commander@2.1.0
69 silly currentTree ├─┬ compressjs@1.0.3
69 silly currentTree │ └── commander@2.8.1
69 silly currentTree ├── concat-map@0.0.1
69 silly currentTree ├── constantinople@2.0.1
69 silly currentTree ├── cookie-parser@1.0.1
69 silly currentTree ├── cookie-signature@1.0.3
69 silly currentTree ├── cookie@0.1.0
69 silly currentTree ├── css-parse@1.0.4
69 silly currentTree ├── css-stringify@1.0.5
69 silly currentTree ├── css@1.0.8
69 silly currentTree ├── cuint@0.2.2
69 silly currentTree ├── debug@0.7.4
69 silly currentTree ├── decamelize@1.2.0
69 silly currentTree ├── depd@0.4.4
69 silly currentTree ├── destroy@1.0.3
69 silly currentTree ├── ee-first@1.0.3
69 silly currentTree ├── ejs@2.5.2
69 silly currentTree ├── escape-html@1.0.1
69 silly currentTree ├─┬ express@4.8.0
69 silly currentTree │ ├── cookie-signature@1.0.4
69 silly currentTree │ ├── cookie@0.1.2
69 silly currentTree │ ├── debug@1.0.4
69 silly currentTree │ ├── qs@1.0.2
69 silly currentTree │ └── type-is@1.3.2
69 silly currentTree ├── fd-slicer@1.0.1
69 silly currentTree ├─┬ finalhandler@0.1.0
69 silly currentTree │ └── debug@1.0.4
69 silly currentTree ├── finished@1.2.2
69 silly currentTree ├── fresh@0.2.2
69 silly currentTree ├── graceful-readlink@1.0.1
69 silly currentTree ├── ipaddr.js@0.1.2
69 silly currentTree ├── is-promise@1.0.1
69 silly currentTree ├── jade@1.3.1
69 silly currentTree ├── lz4@0.5.3
69 silly currentTree ├── media-typer@0.2.0
69 silly currentTree ├── merge-descriptors@0.0.2
69 silly currentTree ├── methods@1.1.0
69 silly currentTree ├── mime-types@1.0.2
69 silly currentTree ├── mime@1.2.11
69 silly currentTree ├── minimatch@3.0.3
69 silly currentTree ├── mkdirp@0.3.5
69 silly currentTree ├── monocle@1.1.51
69 silly currentTree ├─┬ morgan@1.0.1
69 silly currentTree │ └── bytes@0.3.0
69 silly currentTree ├── ms@0.6.2
69 silly currentTree ├── multiparty@4.1.2
69 silly currentTree ├── nan@2.4.0
69 silly currentTree ├── negotiator@0.4.7
69 silly currentTree ├─┬ on-finished@2.1.0
69 silly currentTree │ └── ee-first@1.0.5
69 silly currentTree ├── optimist@0.3.7
69 silly currentTree ├── parseurl@1.2.0
69 silly currentTree ├── path-to-regexp@0.1.3
69 silly currentTree ├── pend@1.2.0
69 silly currentTree ├── promise@2.0.0
69 silly currentTree ├── proxy-addr@1.0.1
69 silly currentTree ├── qs@0.6.6
69 silly currentTree ├── range-parser@1.0.0
69 silly currentTree ├── raw-body@1.1.7
69 silly currentTree ├── readdirp@0.2.5
69 silly currentTree ├─┬ send@0.8.1
69 silly currentTree │ └── debug@1.0.4
69 silly currentTree ├─┬ serve-static@1.5.4
69 silly currentTree │ ├── debug@1.0.4
69 silly currentTree │ ├── parseurl@1.3.1
69 silly currentTree │ └── send@0.8.5
69 silly currentTree ├── source-map@0.1.34
69 silly currentTree ├── static-favicon@1.0.2
69 silly currentTree ├── string_decoder@0.10.31
69 silly currentTree ├─┬ transformers@2.1.0
69 silly currentTree │ └── uglify-js@2.2.5
69 silly currentTree ├── type-is@1.1.0
69 silly currentTree ├── uglify-js@2.4.24
69 silly currentTree ├── uglify-to-browserify@1.0.2
69 silly currentTree ├── utils-merge@1.0.0
69 silly currentTree ├── vary@0.1.0
69 silly currentTree ├── window-size@0.1.0
69 silly currentTree ├── with@3.0.1
69 silly currentTree ├── wordwrap@0.0.2
69 silly currentTree ├─┬ xxhashjs@0.1.1
69 silly currentTree │ └── cuint@0.2.2
69 silly currentTree └── yargs@3.5.4
70 silly idealTree application-name@0.0.1
70 silly idealTree ├── accepts@1.0.7
70 silly idealTree ├── amdefine@1.0.0
70 silly idealTree ├── async@0.2.10
70 silly idealTree ├── balanced-match@0.4.2
70 silly idealTree ├── body-parser@1.0.2
70 silly idealTree ├── brace-expansion@1.1.6
70 silly idealTree ├── buffer-crc32@0.2.3
70 silly idealTree ├── bytes@1.0.0
70 silly idealTree ├── camelcase@1.2.1
70 silly idealTree ├── character-parser@1.2.0
70 silly idealTree ├── commander@2.1.0
70 silly idealTree ├─┬ compressjs@1.0.3
70 silly idealTree │ └── commander@2.8.1
70 silly idealTree ├── concat-map@0.0.1
70 silly idealTree ├── constantinople@2.0.1
70 silly idealTree ├── cookie-parser@1.0.1
70 silly idealTree ├── cookie-signature@1.0.3
70 silly idealTree ├── cookie@0.1.0
70 silly idealTree ├── css-parse@1.0.4
70 silly idealTree ├── css-stringify@1.0.5
70 silly idealTree ├── css@1.0.8
70 silly idealTree ├── cuint@0.2.2
70 silly idealTree ├── debug@0.7.4
70 silly idealTree ├── decamelize@1.2.0
70 silly idealTree ├── depd@0.4.4
70 silly idealTree ├── destroy@1.0.3
70 silly idealTree ├── ee-first@1.0.3
70 silly idealTree ├── ejs@2.5.2
70 silly idealTree ├── escape-html@1.0.1
70 silly idealTree ├─┬ express@4.8.0
70 silly idealTree │ ├── cookie-signature@1.0.4
70 silly idealTree │ ├── cookie@0.1.2
70 silly idealTree │ ├── debug@1.0.4
70 silly idealTree │ ├── qs@1.0.2
70 silly idealTree │ └── type-is@1.3.2
70 silly idealTree ├── fd-slicer@1.0.1
70 silly idealTree ├─┬ finalhandler@0.1.0
70 silly idealTree │ └── debug@1.0.4
70 silly idealTree ├── finished@1.2.2
70 silly idealTree ├── fresh@0.2.2
70 silly idealTree ├── graceful-readlink@1.0.1
70 silly idealTree ├── ipaddr.js@0.1.2
70 silly idealTree ├── is-promise@1.0.1
70 silly idealTree ├── jade@1.3.1
70 silly idealTree ├── lz4@0.5.3
70 silly idealTree ├── media-typer@0.2.0
70 silly idealTree ├── merge-descriptors@0.0.2
70 silly idealTree ├── methods@1.1.0
70 silly idealTree ├── mime-types@1.0.2
70 silly idealTree ├── mime@1.2.11
70 silly idealTree ├── minimatch@3.0.3
70 silly idealTree ├── mkdirp@0.3.5
70 silly idealTree ├── monocle@1.1.51
70 silly idealTree ├─┬ morgan@1.0.1
70 silly idealTree │ └── bytes@0.3.0
70 silly idealTree ├── ms@0.6.2
70 silly idealTree ├── multiparty@4.1.2
70 silly idealTree ├── nan@2.4.0
70 silly idealTree ├── negotiator@0.4.7
70 silly idealTree ├─┬ on-finished@2.1.0
70 silly idealTree │ └── ee-first@1.0.5
70 silly idealTree ├── optimist@0.3.7
70 silly idealTree ├── parseurl@1.2.0
70 silly idealTree ├── path-to-regexp@0.1.3
70 silly idealTree ├── pend@1.2.0
70 silly idealTree ├── promise@2.0.0
70 silly idealTree ├── proxy-addr@1.0.1
70 silly idealTree ├── qs@0.6.6
70 silly idealTree ├── range-parser@1.0.0
70 silly idealTree ├── raw-body@1.1.7
70 silly idealTree ├── readdirp@0.2.5
70 silly idealTree ├─┬ send@0.8.1
70 silly idealTree │ └── debug@1.0.4
70 silly idealTree ├─┬ serve-static@1.5.4
70 silly idealTree │ ├── debug@1.0.4
70 silly idealTree │ ├── parseurl@1.3.1
70 silly idealTree │ └── send@0.8.5
70 silly idealTree ├── source-map@0.1.34
70 silly idealTree ├── static-favicon@1.0.2
70 silly idealTree ├── string_decoder@0.10.31
70 silly idealTree ├─┬ transformers@2.1.0
70 silly idealTree │ └── uglify-js@2.2.5
70 silly idealTree ├── type-is@1.1.0
70 silly idealTree ├── uglify-js@2.4.24
70 silly idealTree ├── uglify-to-browserify@1.0.2
70 silly idealTree ├── utils-merge@1.0.0
70 silly idealTree ├── vary@0.1.0
70 silly idealTree ├── window-size@0.1.0
70 silly idealTree ├── with@3.0.1
70 silly idealTree ├── wordwrap@0.0.2
70 silly idealTree ├─┬ xxhashjs@0.1.1
70 silly idealTree │ └── cuint@0.2.2
70 silly idealTree ├── yargs@3.5.4
70 silly idealTree └── zlib@1.0.5
71 silly generateActionsToTake Starting
72 silly install generateActionsToTake
73 silly generateActionsToTake Finishing
74 silly diffTrees action count 3
75 silly diffTrees update lz4@0.5.3
76 silly diffTrees update multiparty@4.1.2
77 silly diffTrees add zlib@1.0.5
78 silly decomposeActions action count 24
79 silly decomposeActions fetch lz4@0.5.3
80 silly decomposeActions extract lz4@0.5.3
81 silly decomposeActions test lz4@0.5.3
82 silly decomposeActions preinstall lz4@0.5.3
83 silly decomposeActions build lz4@0.5.3
84 silly decomposeActions install lz4@0.5.3
85 silly decomposeActions postinstall lz4@0.5.3
86 silly decomposeActions finalize lz4@0.5.3
87 silly decomposeActions fetch multiparty@4.1.2
88 silly decomposeActions extract multiparty@4.1.2
89 silly decomposeActions test multiparty@4.1.2
90 silly decomposeActions preinstall multiparty@4.1.2
91 silly decomposeActions build multiparty@4.1.2
92 silly decomposeActions install multiparty@4.1.2
93 silly decomposeActions postinstall multiparty@4.1.2
94 silly decomposeActions finalize multiparty@4.1.2
95 silly decomposeActions fetch zlib@1.0.5
96 silly decomposeActions extract zlib@1.0.5
97 silly decomposeActions test zlib@1.0.5
98 silly decomposeActions preinstall zlib@1.0.5
99 silly decomposeActions build zlib@1.0.5
100 silly decomposeActions install zlib@1.0.5
101 silly decomposeActions postinstall zlib@1.0.5
102 silly decomposeActions finalize zlib@1.0.5
103 silly executeActions Starting
104 silly install executeActions
105 silly doSerial global-install 0
106 silly doParallel fetch 3
107 verbose lock using /home/wassim/.npm/_locks/staging-01f53eb2c603017e.lock for /home/wassim/Desktop/FileManager/node_modules/.staging
108 silly doParallel extract 3
109 silly extract lz4@0.5.3
110 silly extract multiparty@4.1.2
111 silly extract zlib@1.0.5
112 verbose unbuild node_modules/.staging/lz4-b8f0ea7a
113 verbose unbuild node_modules/.staging/multiparty-7acb6e60
114 verbose unbuild node_modules/.staging/zlib-b13d358d
115 silly gentlyRm /home/wassim/Desktop/FileManager/node_modules/.staging/lz4-b8f0ea7a is being purged from base /home/wassim/Desktop/FileManager
116 verbose gentlyRm don't care about contents; nuking /home/wassim/Desktop/FileManager/node_modules/.staging/lz4-b8f0ea7a
117 silly gentlyRm /home/wassim/Desktop/FileManager/node_modules/.staging/multiparty-7acb6e60 is being purged from base /home/wassim/Desktop/FileManager
118 verbose gentlyRm don't care about contents; nuking /home/wassim/Desktop/FileManager/node_modules/.staging/multiparty-7acb6e60
119 silly gentlyRm /home/wassim/Desktop/FileManager/node_modules/.staging/zlib-b13d358d is being purged from base /home/wassim/Desktop/FileManager
120 verbose gentlyRm don't care about contents; nuking /home/wassim/Desktop/FileManager/node_modules/.staging/zlib-b13d358d
121 verbose tar unpack /home/wassim/.npm/lz4/0.5.3/package.tgz
122 verbose tar unpacking to /home/wassim/Desktop/FileManager/node_modules/.staging/lz4-b8f0ea7a
123 silly gentlyRm /home/wassim/Desktop/FileManager/node_modules/.staging/lz4-b8f0ea7a is being purged
124 verbose gentlyRm don't care about contents; nuking /home/wassim/Desktop/FileManager/node_modules/.staging/lz4-b8f0ea7a
125 verbose tar unpack /home/wassim/.npm/multiparty/4.1.2/package.tgz
126 verbose tar unpacking to /home/wassim/Desktop/FileManager/node_modules/.staging/multiparty-7acb6e60
127 silly gentlyRm /home/wassim/Desktop/FileManager/node_modules/.staging/multiparty-7acb6e60 is being purged
128 verbose gentlyRm don't care about contents; nuking /home/wassim/Desktop/FileManager/node_modules/.staging/multiparty-7acb6e60
129 verbose tar unpack /home/wassim/.npm/zlib/1.0.5/package.tgz
130 verbose tar unpacking to /home/wassim/Desktop/FileManager/node_modules/.staging/zlib-b13d358d
131 silly gentlyRm /home/wassim/Desktop/FileManager/node_modules/.staging/zlib-b13d358d is being purged
132 verbose gentlyRm don't care about contents; nuking /home/wassim/Desktop/FileManager/node_modules/.staging/zlib-b13d358d
133 silly gunzTarPerm modes [ '775', '664' ]
134 silly gunzTarPerm modes [ '775', '664' ]
135 silly gunzTarPerm modes [ '775', '664' ]
136 silly gunzTarPerm extractEntry package.json
137 silly gunzTarPerm modified mode [ 'package.json', 420, 436 ]
138 silly gunzTarPerm extractEntry package.json
139 silly gunzTarPerm modified mode [ 'package.json', 438, 436 ]
140 silly gunzTarPerm extractEntry .gitignore
141 silly gunzTarPerm modified mode [ '.gitignore', 420, 436 ]
142 silly gunzTarPerm extractEntry .npmignore
143 silly gunzTarPerm modified mode [ '.npmignore', 420, 436 ]
144 silly gunzTarPerm extractEntry README.md
145 silly gunzTarPerm modified mode [ 'README.md', 420, 436 ]
146 silly gunzTarPerm extractEntry .npmignore
147 silly gunzTarPerm modified mode [ '.npmignore', 438, 436 ]
148 silly gunzTarPerm extractEntry README.md
149 silly gunzTarPerm modified mode [ 'README.md', 438, 436 ]
150 silly gunzTarPerm extractEntry configure
151 silly gunzTarPerm modified mode [ 'configure', 493, 509 ]
152 silly gunzTarPerm extractEntry index.js
153 silly gunzTarPerm modified mode [ 'index.js', 420, 436 ]
154 silly gunzTarPerm extractEntry LICENSE
155 silly gunzTarPerm modified mode [ 'LICENSE', 420, 436 ]
156 silly gunzTarPerm extractEntry Makefile
157 silly gunzTarPerm modified mode [ 'Makefile', 420, 436 ]
158 silly gunzTarPerm extractEntry LICENSE
159 silly gunzTarPerm modified mode [ 'LICENSE', 438, 436 ]
160 silly gunzTarPerm extractEntry index.js
161 silly gunzTarPerm modified mode [ 'index.js', 438, 436 ]
162 silly gunzTarPerm extractEntry LICENSE
163 silly gunzTarPerm modified mode [ 'LICENSE', 420, 436 ]
164 silly gunzTarPerm extractEntry karma.conf.js
165 silly gunzTarPerm modified mode [ 'karma.conf.js', 420, 436 ]
166 silly gunzTarPerm extractEntry package.json
167 silly gunzTarPerm modified mode [ 'package.json', 420, 436 ]
168 silly gunzTarPerm extractEntry README.md
169 silly gunzTarPerm modified mode [ 'README.md', 420, 436 ]
170 silly gunzTarPerm extractEntry CHANGELOG.md
171 silly gunzTarPerm modified mode [ 'CHANGELOG.md', 438, 436 ]
172 silly gunzTarPerm extractEntry TODO.md
173 silly gunzTarPerm modified mode [ 'TODO.md', 420, 436 ]
174 silly gunzTarPerm extractEntry benchmark/bench.js
175 silly gunzTarPerm modified mode [ 'benchmark/bench.js', 420, 436 ]
176 silly gunzTarPerm extractEntry wscript
177 silly gunzTarPerm modified mode [ 'wscript', 420, 436 ]
178 silly gunzTarPerm extractEntry lib/zlib.js
179 silly gunzTarPerm modified mode [ 'lib/zlib.js', 420, 436 ]
180 silly gunzTarPerm extractEntry bin/lz4c
181 silly gunzTarPerm modified mode [ 'bin/lz4c', 493, 509 ]
182 silly gunzTarPerm extractEntry binding.gyp
183 silly gunzTarPerm modified mode [ 'binding.gyp', 420, 436 ]
184 silly gunzTarPerm extractEntry src/node-zlib.cc
185 silly gunzTarPerm modified mode [ 'src/node-zlib.cc', 420, 436 ]
186 silly gunzTarPerm extractEntry test/deflate.test.js
187 silly gunzTarPerm modified mode [ 'test/deflate.test.js', 420, 436 ]
188 silly gunzTarPerm extractEntry test/inflate.test.js
189 silly gunzTarPerm modified mode [ 'test/inflate.test.js', 420, 436 ]
190 silly gunzTarPerm extractEntry bower.json
191 silly gunzTarPerm modified mode [ 'bower.json', 420, 436 ]
192 silly gunzTarPerm extractEntry .gitmodules
193 silly gunzTarPerm modified mode [ '.gitmodules', 420, 436 ]
194 silly gunzTarPerm extractEntry build.sh
195 silly gunzTarPerm modified mode [ 'build.sh', 493, 509 ]
196 silly gunzTarPerm extractEntry deps/lz4/README.md
197 silly gunzTarPerm modified mode [ 'deps/lz4/README.md', 420, 436 ]
198 silly gunzTarPerm extractEntry deps/lz4/examples/README.md
199 silly gunzTarPerm modified mode [ 'deps/lz4/examples/README.md', 420, 436 ]
200 silly gunzTarPerm extractEntry deps/lz4/examples/blockStreaming_lineByLine.c
201 silly gunzTarPerm modified mode [ 'deps/lz4/examples/blockStreaming_lineByLine.c', 420, 436 ]
202 silly gunzTarPerm extractEntry deps/lz4/examples/HCStreaming_ringBuffer.c
203 silly gunzTarPerm modified mode [ 'deps/lz4/examples/HCStreaming_ringBuffer.c', 420, 436 ]
204 silly gunzTarPerm extractEntry deps/lz4/examples/blockStreaming_doubleBuffer.c
205 silly gunzTarPerm modified mode [ 'deps/lz4/examples/blockStreaming_doubleBuffer.c', 420, 436 ]
206 silly gunzTarPerm extractEntry deps/lz4/examples/blockStreaming_doubleBuffer.md
207 silly gunzTarPerm modified mode [ 'deps/lz4/examples/blockStreaming_doubleBuffer.md', 420, 436 ]
208 silly gunzTarPerm extractEntry deps/lz4/examples/Makefile
209 silly gunzTarPerm modified mode [ 'deps/lz4/examples/Makefile', 420, 436 ]
210 silly gentlyRm /home/wassim/Desktop/FileManager/node_modules/.staging/multiparty-7acb6e60/node_modules is being purged
211 verbose gentlyRm don't care about contents; nuking /home/wassim/Desktop/FileManager/node_modules/.staging/multiparty-7acb6e60/node_modules
212 silly gunzTarPerm extractEntry deps/lz4/examples/blockStreaming_lineByLine.md
213 silly gunzTarPerm modified mode [ 'deps/lz4/examples/blockStreaming_lineByLine.md', 420, 436 ]
214 silly gunzTarPerm extractEntry deps/lz4/examples/blockStreaming_ringBuffer.c
215 silly gunzTarPerm modified mode [ 'deps/lz4/examples/blockStreaming_ringBuffer.c', 420, 436 ]
216 silly gunzTarPerm extractEntry deps/lz4/examples/frameCompress.c
217 silly gunzTarPerm modified mode [ 'deps/lz4/examples/frameCompress.c', 420, 436 ]
218 silly gunzTarPerm extractEntry deps/lz4/examples/printVersion.c
219 silly gunzTarPerm modified mode [ 'deps/lz4/examples/printVersion.c', 420, 436 ]
220 silly gunzTarPerm extractEntry deps/lz4/examples/streaming_api_basics.md
221 silly gunzTarPerm modified mode [ 'deps/lz4/examples/streaming_api_basics.md', 420, 436 ]
222 silly gunzTarPerm extractEntry deps/lz4/Makefile
223 silly gunzTarPerm modified mode [ 'deps/lz4/Makefile', 420, 436 ]
224 silly gunzTarPerm extractEntry deps/lz4/NEWS
225 silly gunzTarPerm modified mode [ 'deps/lz4/NEWS', 420, 436 ]
226 silly gunzTarPerm extractEntry deps/lz4/.gitattributes
227 silly gunzTarPerm modified mode [ 'deps/lz4/.gitattributes', 420, 436 ]
228 silly gunzTarPerm extractEntry deps/lz4/cmake_unofficial/CMakeLists.txt
229 silly gunzTarPerm modified mode [ 'deps/lz4/cmake_unofficial/CMakeLists.txt', 420, 436 ]
230 silly gunzTarPerm extractEntry deps/lz4/contrib/djgpp/LICENSE
231 silly gunzTarPerm modified mode [ 'deps/lz4/contrib/djgpp/LICENSE', 420, 436 ]
232 silly gunzTarPerm extractEntry deps/lz4/contrib/djgpp/Makefile
233 silly gunzTarPerm modified mode [ 'deps/lz4/contrib/djgpp/Makefile', 420, 436 ]
234 silly gunzTarPerm extractEntry deps/lz4/contrib/djgpp/README.MD
235 silly gunzTarPerm modified mode [ 'deps/lz4/contrib/djgpp/README.MD', 420, 436 ]
236 silly gentlyRm /home/wassim/Desktop/FileManager/node_modules/.staging/zlib-b13d358d/node_modules is being purged
237 verbose gentlyRm don't care about contents; nuking /home/wassim/Desktop/FileManager/node_modules/.staging/zlib-b13d358d/node_modules
238 silly gunzTarPerm extractEntry deps/lz4/.travis.yml
239 silly gunzTarPerm modified mode [ 'deps/lz4/.travis.yml', 420, 436 ]
240 silly gunzTarPerm extractEntry deps/lz4/lib/README.md
241 silly gunzTarPerm modified mode [ 'deps/lz4/lib/README.md', 420, 436 ]
242 silly gunzTarPerm extractEntry deps/lz4/lib/LICENSE
243 silly gunzTarPerm modified mode [ 'deps/lz4/lib/LICENSE', 420, 436 ]
244 silly gunzTarPerm extractEntry deps/lz4/lib/xxhash.h
245 silly gunzTarPerm modified mode [ 'deps/lz4/lib/xxhash.h', 420, 436 ]
246 silly gunzTarPerm extractEntry deps/lz4/lib/liblz4.pc.in
247 silly gunzTarPerm modified mode [ 'deps/lz4/lib/liblz4.pc.in', 420, 436 ]
248 silly gunzTarPerm extractEntry deps/lz4/lib/lz4.c
249 silly gunzTarPerm modified mode [ 'deps/lz4/lib/lz4.c', 420, 436 ]
250 silly gunzTarPerm extractEntry deps/lz4/lib/lz4.h
251 silly gunzTarPerm modified mode [ 'deps/lz4/lib/lz4.h', 420, 436 ]
252 silly gunzTarPerm extractEntry deps/lz4/lib/Makefile
253 silly gunzTarPerm modified mode [ 'deps/lz4/lib/Makefile', 420, 436 ]
254 silly gunzTarPerm extractEntry deps/lz4/lib/lz4frame.h
255 silly gunzTarPerm modified mode [ 'deps/lz4/lib/lz4frame.h', 420, 436 ]
256 silly gunzTarPerm extractEntry deps/lz4/lib/lz4frame_static.h
257 silly gunzTarPerm modified mode [ 'deps/lz4/lib/lz4frame_static.h', 420, 436 ]
258 silly gunzTarPerm extractEntry deps/lz4/lib/lz4hc.c
259 silly gunzTarPerm modified mode [ 'deps/lz4/lib/lz4hc.c', 420, 436 ]
260 silly gunzTarPerm extractEntry deps/lz4/lib/lz4hc.h
261 silly gunzTarPerm modified mode [ 'deps/lz4/lib/lz4hc.h', 420, 436 ]
262 silly gunzTarPerm extractEntry deps/lz4/lib/xxhash.c
263 silly gunzTarPerm modified mode [ 'deps/lz4/lib/xxhash.c', 420, 436 ]
264 silly gunzTarPerm extractEntry deps/lz4/lib/lz4frame.c
265 silly gunzTarPerm modified mode [ 'deps/lz4/lib/lz4frame.c', 420, 436 ]
266 silly gunzTarPerm extractEntry deps/lz4/lz4_Block_format.md
267 silly gunzTarPerm modified mode [ 'deps/lz4/lz4_Block_format.md', 420, 436 ]
268 silly gunzTarPerm extractEntry deps/lz4/lz4_Frame_format.md
269 silly gunzTarPerm modified mode [ 'deps/lz4/lz4_Frame_format.md', 420, 436 ]
270 silly gunzTarPerm extractEntry deps/lz4/programs/frametest.c
271 silly gunzTarPerm modified mode [ 'deps/lz4/programs/frametest.c', 420, 436 ]
272 silly gunzTarPerm extractEntry deps/lz4/programs/COPYING
273 silly gunzTarPerm modified mode [ 'deps/lz4/programs/COPYING', 420, 436 ]
274 silly gunzTarPerm extractEntry deps/lz4/programs/bench.c
275 silly gunzTarPerm modified mode [ 'deps/lz4/programs/bench.c', 420, 436 ]
276 silly gunzTarPerm extractEntry deps/lz4/programs/bench.h
277 silly gunzTarPerm modified mode [ 'deps/lz4/programs/bench.h', 420, 436 ]
278 silly gunzTarPerm extractEntry deps/lz4/programs/datagen.c
279 silly gunzTarPerm modified mode [ 'deps/lz4/programs/datagen.c', 420, 436 ]
280 silly gunzTarPerm extractEntry deps/lz4/programs/datagen.h
281 silly gunzTarPerm modified mode [ 'deps/lz4/programs/datagen.h', 420, 436 ]
282 silly gunzTarPerm extractEntry deps/lz4/programs/datagencli.c
283 silly gunzTarPerm modified mode [ 'deps/lz4/programs/datagencli.c', 420, 436 ]
284 silly gunzTarPerm extractEntry deps/lz4/programs/Makefile
285 silly gunzTarPerm modified mode [ 'deps/lz4/programs/Makefile', 420, 436 ]
286 silly gunzTarPerm extractEntry deps/lz4/programs/fullbench.c
287 silly gunzTarPerm modified mode [ 'deps/lz4/programs/fullbench.c', 420, 436 ]
288 silly gunzTarPerm extractEntry deps/lz4/programs/fuzzer.c
289 silly gunzTarPerm modified mode [ 'deps/lz4/programs/fuzzer.c', 420, 436 ]
290 silly gunzTarPerm extractEntry deps/lz4/programs/lz4.1
291 silly gunzTarPerm modified mode [ 'deps/lz4/programs/lz4.1', 420, 436 ]
292 silly gunzTarPerm extractEntry deps/lz4/programs/lz4cli.c
293 silly gunzTarPerm modified mode [ 'deps/lz4/programs/lz4cli.c', 420, 436 ]
294 silly gunzTarPerm extractEntry deps/lz4/programs/lz4io.c
295 silly gunzTarPerm modified mode [ 'deps/lz4/programs/lz4io.c', 420, 436 ]
296 silly gunzTarPerm extractEntry deps/lz4/programs/lz4io.h
297 silly gunzTarPerm modified mode [ 'deps/lz4/programs/lz4io.h', 420, 436 ]
298 silly gunzTarPerm extractEntry deps/lz4/versionsTest/Makefile
299 silly gunzTarPerm modified mode [ 'deps/lz4/versionsTest/Makefile', 420, 436 ]
300 silly gunzTarPerm extractEntry deps/lz4/versionsTest/test-lz4-versions.py
301 silly gunzTarPerm modified mode [ 'deps/lz4/versionsTest/test-lz4-versions.py', 420, 436 ]
302 silly gunzTarPerm extractEntry deps/lz4/visual/2012/datagen/datagen.vcxproj
303 silly gunzTarPerm modified mode [ 'deps/lz4/visual/2012/datagen/datagen.vcxproj', 420, 436 ]
304 silly gunzTarPerm extractEntry deps/lz4/visual/2012/datagen/datagen.vcxproj.filters
305 silly gunzTarPerm modified mode [ 'deps/lz4/visual/2012/datagen/datagen.vcxproj.filters',
305 silly gunzTarPerm   420,
305 silly gunzTarPerm   436 ]
306 silly gunzTarPerm extractEntry deps/lz4/visual/2012/frametest/frametest.vcxproj
307 silly gunzTarPerm modified mode [ 'deps/lz4/visual/2012/frametest/frametest.vcxproj', 420, 436 ]
308 silly gunzTarPerm extractEntry deps/lz4/visual/2012/frametest/frametest.vcxproj.filters
309 silly gunzTarPerm modified mode [ 'deps/lz4/visual/2012/frametest/frametest.vcxproj.filters',
309 silly gunzTarPerm   420,
309 silly gunzTarPerm   436 ]
310 silly gunzTarPerm extractEntry deps/lz4/visual/2012/fullbench/fullbench.vcxproj
311 silly gunzTarPerm modified mode [ 'deps/lz4/visual/2012/fullbench/fullbench.vcxproj', 420, 436 ]
312 silly gunzTarPerm extractEntry deps/lz4/visual/2012/fullbench/fullbench.vcxproj.filters
313 silly gunzTarPerm modified mode [ 'deps/lz4/visual/2012/fullbench/fullbench.vcxproj.filters',
313 silly gunzTarPerm   420,
313 silly gunzTarPerm   436 ]
314 silly gunzTarPerm extractEntry deps/lz4/visual/2012/fuzzer/fuzzer.vcxproj
315 silly gunzTarPerm modified mode [ 'deps/lz4/visual/2012/fuzzer/fuzzer.vcxproj', 420, 436 ]
316 silly gunzTarPerm extractEntry deps/lz4/visual/2012/fuzzer/fuzzer.vcxproj.filters
317 silly gunzTarPerm modified mode [ 'deps/lz4/visual/2012/fuzzer/fuzzer.vcxproj.filters',
317 silly gunzTarPerm   420,
317 silly gunzTarPerm   436 ]
318 silly gunzTarPerm extractEntry deps/lz4/visual/2012/lz4/lz4.vcxproj
319 silly gunzTarPerm modified mode [ 'deps/lz4/visual/2012/lz4/lz4.vcxproj', 420, 436 ]
320 silly gunzTarPerm extractEntry deps/lz4/visual/2012/lz4/lz4.vcxproj.filters
321 silly gunzTarPerm modified mode [ 'deps/lz4/visual/2012/lz4/lz4.vcxproj.filters', 420, 436 ]
322 silly gunzTarPerm extractEntry deps/lz4/visual/2012/lz4.sln
323 silly gunzTarPerm modified mode [ 'deps/lz4/visual/2012/lz4.sln', 420, 436 ]
324 silly gunzTarPerm extractEntry doc/format.txt
325 silly gunzTarPerm modified mode [ 'doc/format.txt', 420, 436 ]
326 silly gunzTarPerm extractEntry examples/file_compressSync.js
327 silly gunzTarPerm modified mode [ 'examples/file_compressSync.js', 420, 436 ]
328 silly gunzTarPerm extractEntry examples/file_compressBlock.js
329 silly gunzTarPerm modified mode [ 'examples/file_compressBlock.js', 420, 436 ]
330 silly gunzTarPerm extractEntry examples/file_compressHC.js
331 silly gunzTarPerm modified mode [ 'examples/file_compressHC.js', 420, 436 ]
332 silly gunzTarPerm extractEntry examples/file_compressHCSync.js
333 silly gunzTarPerm modified mode [ 'examples/file_compressHCSync.js', 420, 436 ]
334 silly gunzTarPerm extractEntry examples/file_compressJS.js
335 silly gunzTarPerm modified mode [ 'examples/file_compressJS.js', 420, 436 ]
336 silly gunzTarPerm extractEntry examples/file_compress.js
337 silly gunzTarPerm modified mode [ 'examples/file_compress.js', 420, 436 ]
338 silly gunzTarPerm extractEntry examples/file_uncompress.js
339 silly gunzTarPerm modified mode [ 'examples/file_uncompress.js', 420, 436 ]
340 silly gunzTarPerm extractEntry examples/file_uncompressBlock.js
341 silly gunzTarPerm modified mode [ 'examples/file_uncompressBlock.js', 420, 436 ]
342 silly gunzTarPerm extractEntry examples/file_uncompressJS.js
343 silly gunzTarPerm modified mode [ 'examples/file_uncompressJS.js', 420, 436 ]
344 silly gunzTarPerm extractEntry examples/file_uncompressSync.js
345 silly gunzTarPerm modified mode [ 'examples/file_uncompressSync.js', 420, 436 ]
346 silly gunzTarPerm extractEntry examples/compress.html
347 silly gunzTarPerm modified mode [ 'examples/compress.html', 420, 436 ]
348 silly gunzTarPerm extractEntry examples/uncompress.html
349 silly gunzTarPerm modified mode [ 'examples/uncompress.html', 420, 436 ]
350 silly gunzTarPerm extractEntry lib/binding.js
351 silly gunzTarPerm modified mode [ 'lib/binding.js', 420, 436 ]
352 silly gunzTarPerm extractEntry lib/decoder.js
353 silly gunzTarPerm modified mode [ 'lib/decoder.js', 420, 436 ]
354 silly gunzTarPerm extractEntry lib/decoder_stream.js
355 silly gunzTarPerm modified mode [ 'lib/decoder_stream.js', 420, 436 ]
356 silly gunzTarPerm extractEntry lib/encoder.js
357 silly gunzTarPerm modified mode [ 'lib/encoder.js', 420, 436 ]
358 silly gunzTarPerm extractEntry lib/encoder_stream.js
359 silly gunzTarPerm modified mode [ 'lib/encoder_stream.js', 420, 436 ]
360 silly gunzTarPerm extractEntry lib/lz4.js
361 silly gunzTarPerm modified mode [ 'lib/lz4.js', 420, 436 ]
362 silly gunzTarPerm extractEntry lib/static.js
363 silly gunzTarPerm modified mode [ 'lib/static.js', 420, 436 ]
364 silly gunzTarPerm extractEntry lib/utils-js.js
365 silly gunzTarPerm modified mode [ 'lib/utils-js.js', 420, 436 ]
366 silly gunzTarPerm extractEntry lib/utils.js
367 silly gunzTarPerm modified mode [ 'lib/utils.js', 420, 436 ]
368 silly gunzTarPerm extractEntry lib/binding/lz4_binding.cc
369 silly gunzTarPerm modified mode [ 'lib/binding/lz4_binding.cc', 420, 436 ]
370 silly gunzTarPerm extractEntry lib/binding/xxhash_binding.cc
371 silly gunzTarPerm modified mode [ 'lib/binding/xxhash_binding.cc', 420, 436 ]
372 silly gunzTarPerm extractEntry History.md
373 silly gunzTarPerm modified mode [ 'History.md', 420, 436 ]
374 silly gunzTarPerm extractEntry test/block-test.js
375 silly gunzTarPerm modified mode [ 'test/block-test.js', 420, 436 ]
376 silly gunzTarPerm extractEntry test/checksum-test.js
377 silly gunzTarPerm modified mode [ 'test/checksum-test.js', 420, 436 ]
378 silly gunzTarPerm extractEntry test/decode-test.js
379 silly gunzTarPerm modified mode [ 'test/decode-test.js', 420, 436 ]
380 silly gunzTarPerm extractEntry test/encode-test.js
381 silly gunzTarPerm modified mode [ 'test/encode-test.js', 420, 436 ]
382 silly gunzTarPerm extractEntry test/jsencode_decode-test.js
383 silly gunzTarPerm modified mode [ 'test/jsencode_decode-test.js', 420, 436 ]
384 silly gunzTarPerm extractEntry test/browser/block.js
385 silly gunzTarPerm modified mode [ 'test/browser/block.js', 420, 436 ]
386 silly gunzTarPerm extractEntry test/browser/checksum.js
387 silly gunzTarPerm modified mode [ 'test/browser/checksum.js', 420, 436 ]
388 silly gunzTarPerm extractEntry test/browser/decoder.js
389 silly gunzTarPerm modified mode [ 'test/browser/decoder.js', 420, 436 ]
390 silly gunzTarPerm extractEntry test/browser/encoder.js
391 silly gunzTarPerm modified mode [ 'test/browser/encoder.js', 420, 436 ]
392 silly gunzTarPerm extractEntry test/browser/helpers/download_data_file.js
393 silly gunzTarPerm modified mode [ 'test/browser/helpers/download_data_file.js', 420, 436 ]
394 silly gunzTarPerm extractEntry test/browser/helpers/spec_helper.js
395 silly gunzTarPerm modified mode [ 'test/browser/helpers/spec_helper.js', 420, 436 ]
396 silly gentlyRm /home/wassim/Desktop/FileManager/node_modules/.staging/lz4-b8f0ea7a/node_modules is being purged
397 verbose gentlyRm don't care about contents; nuking /home/wassim/Desktop/FileManager/node_modules/.staging/lz4-b8f0ea7a/node_modules
398 silly doParallel preinstall 3
399 silly preinstall lz4@0.5.3 /home/wassim/Desktop/FileManager/node_modules/.staging/lz4-b8f0ea7a
400 info lifecycle lz4@0.5.3~preinstall: lz4@0.5.3
401 silly preinstall multiparty@4.1.2 /home/wassim/Desktop/FileManager/node_modules/.staging/multiparty-7acb6e60
402 info lifecycle multiparty@4.1.2~preinstall: multiparty@4.1.2
403 silly preinstall zlib@1.0.5 /home/wassim/Desktop/FileManager/node_modules/.staging/zlib-b13d358d
404 info lifecycle zlib@1.0.5~preinstall: zlib@1.0.5
405 silly lifecycle lz4@0.5.3~preinstall: no script for preinstall, continuing
406 silly lifecycle multiparty@4.1.2~preinstall: no script for preinstall, continuing
407 verbose lifecycle zlib@1.0.5~preinstall: unsafe-perm in lifecycle true
408 verbose lifecycle zlib@1.0.5~preinstall: PATH: /usr/share/npm/bin/node-gyp-bin:/home/wassim/Desktop/FileManager/node_modules/.staging/zlib-b13d358d/node_modules/.bin:/home/wassim/Desktop/FileManager/node_modules/.bin:/usr/local/sbin:/usr/local/bin:/usr/sbin:/usr/bin:/sbin:/bin:/usr/games:/usr/local/games:/snap/bin
409 verbose lifecycle zlib@1.0.5~preinstall: CWD: /home/wassim/Desktop/FileManager/node_modules/.staging/zlib-b13d358d
410 silly lifecycle zlib@1.0.5~preinstall: Args: [ '-c', 'node-waf clean || true; node-waf configure build' ]
411 info lifecycle zlib@1.0.5~preinstall: Failed to exec preinstall script
412 verbose unlock done using /home/wassim/.npm/_locks/staging-01f53eb2c603017e.lock for /home/wassim/Desktop/FileManager/node_modules/.staging
413 silly rollbackFailedOptional Starting
414 silly rollbackFailedOptional Finishing
415 silly runTopLevelLifecycles Starting
416 silly runTopLevelLifecycles Finishing
417 silly install printInstalled
418 verbose stack Error: zlib@1.0.5 preinstall: `node-waf clean || true; node-waf configure build`
418 verbose stack spawn ENOENT
418 verbose stack     at ChildProcess.<anonymous> (/usr/share/npm/lib/utils/spawn.js:17:16)
418 verbose stack     at emitTwo (events.js:87:13)
418 verbose stack     at ChildProcess.emit (events.js:172:7)
418 verbose stack     at maybeClose (internal/child_process.js:821:16)
418 verbose stack     at Process.ChildProcess._handle.onexit (internal/child_process.js:211:5)
419 verbose pkgid zlib@1.0.5
420 verbose cwd /home/wassim/Desktop/FileManager
421 error Linux 4.4.0-24-generic
422 error argv "/usr/bin/nodejs" "/usr/bin/npm" "install" "zlib"
423 error node v4.2.6
424 error npm  v3.5.2
425 error file sh
426 error code ELIFECYCLE
427 error errno ENOENT
428 error syscall spawn
429 error zlib@1.0.5 preinstall: `node-waf clean || true; node-waf configure build`
429 error spawn ENOENT
430 error Failed at the zlib@1.0.5 preinstall script 'node-waf clean || true; node-waf configure build'.
430 error Make sure you have the latest version of node.js and npm installed.
430 error If you do, this is most likely a problem with the zlib package,
430 error not with npm itself.
430 error Tell the author that this fails on your system:
430 error     node-waf clean || true; node-waf configure build
430 error You can get information on how to open an issue for this project with:
430 error     npm bugs zlib
430 error Or if that isn't available, you can get their info via:
430 error     npm owner ls zlib
430 error There is likely additional logging output above.
431 verbose exit [ 1, true ]
